<?xml version="1.0" encoding="UTF-8" standalone="no"?>
<!DOCTYPE log SYSTEM "logger.dtd">
<log>
<record>
  <date>2017-08-31T18:52:46</date>
  <millis>1504219966211</millis>
  <sequence>0</sequence>
  <logger>MyLog</logger>
  <level>INFO</level>
  <class>dataprocesser.LoggerJava</class>
  <method>log</method>
  <thread>1</thread>
  <message>zip file does not exist</message>
</record>
<record>
  <date>2017-08-31T18:52:46</date>
  <millis>1504219966234</millis>
  <sequence>1</sequence>
  <logger>MyLog</logger>
  <level>INFO</level>
  <class>dataprocesser.LoggerJava</class>
  <method>log</method>
  <thread>1</thread>
  <message>zip file does not exist</message>
</record>
</log>
